<?xml version="1.0" encoding="UTF-8"?>
<!-- Generated by org.testng.reporters.JUnitReportReporter -->
<testsuite hostname="LAPTOP-K88R6NSI" failures="0" tests="2" name="TestLayer.RegisterPageTest" time="3.881" errors="0" timestamp="2023-07-21T23:43:34 IST" skipped="0">
  <testcase classname="TestLayer.RegisterPageTest" name="validateRegisterFunctinality" time="2.935"/>
  <system-out/>
  <testcase classname="TestLayer.RegisterPageTest" name="validateRegisterFunctinality2" time="0.946"/>
  <system-out/>
</testsuite> <!-- TestLayer.RegisterPageTest -->
